\BOOKMARK [1][-]{section.1}{Introduction}{}% 1
\BOOKMARK [1][-]{section.2}{Preliminaries}{}% 2
\BOOKMARK [2][-]{subsection.2.1}{Notation}{section.2}% 3
\BOOKMARK [2][-]{subsection.2.2}{Reinforcement learning problem}{section.2}% 4
\BOOKMARK [2][-]{subsection.2.3}{Policy and Value Iteration Algorithms}{section.2}% 5
\BOOKMARK [2][-]{subsection.2.4}{SARSA: Online Temporal Difference Method}{section.2}% 6
\BOOKMARK [2][-]{subsection.2.5}{Q-Learning}{section.2}% 7
\BOOKMARK [2][-]{subsection.2.6}{Generalization in Reinforcement Learning}{section.2}% 8
\BOOKMARK [1][-]{section.3}{Background and Related Works}{}% 9
\BOOKMARK [1][-]{section.4}{Sparse Representation of State in Reinforcement Learning}{}% 10
\BOOKMARK [2][-]{subsection.4.1}{Introduction}{section.4}% 11
\BOOKMARK [2][-]{subsection.4.2}{Background and related works}{section.4}% 12
\BOOKMARK [2][-]{subsection.4.3}{Proposed Methods}{section.4}% 13
\BOOKMARK [2][-]{subsection.4.4}{Results and Discussion}{section.4}% 14
\BOOKMARK [2][-]{subsection.4.5}{Future Works}{section.4}% 15
\BOOKMARK [2][-]{subsection.4.6}{Conclusion}{section.4}% 16
\BOOKMARK [1][-]{section.5}{Subgoal Discovery in Hierarchical Reinforcement Problem}{}% 17
\BOOKMARK [2][-]{subsection.5.1}{Introduction}{section.5}% 18
\BOOKMARK [2][-]{subsection.5.2}{Background and Related works}{section.5}% 19
\BOOKMARK [2][-]{subsection.5.3}{Proposed Methods}{section.5}% 20
\BOOKMARK [2][-]{subsection.5.4}{Results and Discussion}{section.5}% 21
\BOOKMARK [2][-]{subsection.5.5}{Future Works}{section.5}% 22
\BOOKMARK [2][-]{subsection.5.6}{Conclusion}{section.5}% 23
\BOOKMARK [1][-]{section.6}{Experiments and Applications}{}% 24
\BOOKMARK [2][-]{subsection.6.1}{Toy Task: The Rooms Problem}{section.6}% 25
\BOOKMARK [2][-]{subsection.6.2}{Games: Montezuma's Revenge}{section.6}% 26
\BOOKMARK [2][-]{subsection.6.3}{Path Planning for Autonoumous Robot Navigation}{section.6}% 27
\BOOKMARK [2][-]{subsection.6.4}{Bipedal Locomotion and Reaching Tasks}{section.6}% 28
\BOOKMARK [2][-]{subsection.6.5}{Autonoumous Driving}{section.6}% 29
\BOOKMARK [1][-]{section.7}{Research and Writing Timetable}{}% 30
\BOOKMARK [1][-]{section.8}{Conclusion}{}% 31
